Log file opened on Fri May 15 16:29:38 2020
Host: linux-01  pid: 16030  rank ID: 0  number of ranks:  1
                      :-) GROMACS - gmx mdrun, 2018.1 (-:

                            GROMACS is written by:
     Emile Apol      Rossen Apostolov      Paul Bauer     Herman J.C. Berendsen
    Par Bjelkmar    Aldert van Buuren   Rudi van Drunen     Anton Feenstra  
  Gerrit Groenhof    Aleksei Iupinov   Christoph Junghans   Anca Hamuraru   
 Vincent Hindriksen Dimitrios Karkoulis    Peter Kasson        Jiri Kraus    
  Carsten Kutzner      Per Larsson      Justin A. Lemkul    Viveca Lindahl  
  Magnus Lundborg   Pieter Meulenhoff    Erik Marklund      Teemu Murtola   
    Szilard Pall       Sander Pronk      Roland Schulz     Alexey Shvetsov  
   Michael Shirts     Alfons Sijbers     Peter Tieleman    Teemu Virolainen 
 Christian Wennberg    Maarten Wolf   
                           and the project leaders:
        Mark Abraham, Berk Hess, Erik Lindahl, and David van der Spoel

Copyright (c) 1991-2000, University of Groningen, The Netherlands.
Copyright (c) 2001-2017, The GROMACS development team at
Uppsala University, Stockholm University and
the Royal Institute of Technology, Sweden.
check out http://www.gromacs.org for more information.

GROMACS is free software; you can redistribute it and/or modify it
under the terms of the GNU Lesser General Public License
as published by the Free Software Foundation; either version 2.1
of the License, or (at your option) any later version.

GROMACS:      gmx mdrun, version 2018.1
Executable:   /usr/bin/gmx
Data prefix:  /usr
Working dir:  /home/boukhan/Desktop/Lab6b/CSCI474/lab7a
Command line:
  gmx mdrun -v -deffnm md_0_1

GROMACS version:    2018.1
Precision:          single
Memory model:       64 bit
MPI library:        thread_mpi
OpenMP support:     enabled (GMX_OPENMP_MAX_THREADS = 64)
GPU support:        disabled
SIMD instructions:  SSE2
FFT library:        fftw-3.3.7-sse2-avx
RDTSCP usage:       disabled
TNG support:        enabled
Hwloc support:      hwloc-1.11.6
Tracing support:    disabled
Built on:           2018-03-31 17:12:46
Built by:           buildd@debian [CMAKE]
Build OS/arch:      Linux x86_64
Build CPU vendor:   Intel
Build CPU brand:    Westmere E56xx/L56xx/X56xx (Nehalem-C)
Build CPU family:   6   Model: 44   Stepping: 1
Build CPU features: aes apic clfsh cmov cx8 cx16 intel lahf mmx msr pcid pclmuldq pdpe1gb popcnt pse rdtscp sse2 sse3 sse4.1 sse4.2 ssse3 x2apic
C compiler:         /usr/bin/cc GNU 7.3.0
C compiler flags:    -msse2   -g -O2 -fdebug-prefix-map=/build/gromacs-Fqu8ou/gromacs-2018.1=. -fstack-protector-strong -Wformat -Werror=format-security -Wdate-time -D_FORTIFY_SOURCE=2  -O3 -DNDEBUG -funroll-all-loops -fexcess-precision=fast  
C++ compiler:       /usr/bin/c++ GNU 7.3.0
C++ compiler flags:  -msse2   -g -O2 -fdebug-prefix-map=/build/gromacs-Fqu8ou/gromacs-2018.1=. -fstack-protector-strong -Wformat -Werror=format-security -Wdate-time -D_FORTIFY_SOURCE=2 -std=c++11   -O3 -DNDEBUG -funroll-all-loops -fexcess-precision=fast  


Running on 1 node with total 4 cores, 8 logical cores
Hardware detected:
  CPU info:
    Vendor: Intel
    Brand:  Intel(R) Core(TM) i7-2600 CPU @ 3.40GHz
    Family: 6   Model: 42   Stepping: 7
    Features: aes apic avx clfsh cmov cx8 cx16 htt intel lahf mmx msr nonstop_tsc pcid pclmuldq pdcm popcnt pse rdtscp sse2 sse3 sse4.1 sse4.2 ssse3 tdt x2apic
  Hardware topology: Full, with devices
    Sockets, cores, and logical processors:
      Socket  0: [   0   4] [   1   5] [   2   6] [   3   7]
    Numa nodes:
      Node  0 (16743727104 bytes mem):   0   1   2   3   4   5   6   7
      Latency:
               0
         0  1.00
    Caches:
      L1: 32768 bytes, linesize 64 bytes, assoc. 8, shared 2 ways
      L2: 262144 bytes, linesize 64 bytes, assoc. 8, shared 2 ways
      L3: 8388608 bytes, linesize 64 bytes, assoc. 16, shared 8 ways
    PCI devices:
      0000:01:00.0  Id: 10de:06e0  Class: 0x0300  Numa: 0
      0000:00:19.0  Id: 8086:1502  Class: 0x0200  Numa: 0
      0000:00:1f.2  Id: 8086:2822  Class: 0x0104  Numa: 0

Highest SIMD level requested by all nodes in run: AVX_256
SIMD instructions selected at compile time:       SSE2
This program was compiled for different hardware than you are running on,
which could influence performance.
The current CPU can measure timings more accurately than the code in
gmx mdrun was configured to use. This might affect your simulation
speed as accurate timings are needed for load-balancing.
Please consider rebuilding gmx mdrun with the GMX_USE_RDTSCP=ON CMake option.

++++ PLEASE READ AND CITE THE FOLLOWING REFERENCE ++++
M. J. Abraham, T. Murtola, R. Schulz, S. Páll, J. C. Smith, B. Hess, E.
Lindahl
GROMACS: High performance molecular simulations through multi-level
parallelism from laptops to supercomputers
SoftwareX 1 (2015) pp. 19-25
-------- -------- --- Thank You --- -------- --------


++++ PLEASE READ AND CITE THE FOLLOWING REFERENCE ++++
S. Páll, M. J. Abraham, C. Kutzner, B. Hess, E. Lindahl
Tackling Exascale Software Challenges in Molecular Dynamics Simulations with
GROMACS
In S. Markidis & E. Laure (Eds.), Solving Software Challenges for Exascale 8759 (2015) pp. 3-27
-------- -------- --- Thank You --- -------- --------


++++ PLEASE READ AND CITE THE FOLLOWING REFERENCE ++++
S. Pronk, S. Páll, R. Schulz, P. Larsson, P. Bjelkmar, R. Apostolov, M. R.
Shirts, J. C. Smith, P. M. Kasson, D. van der Spoel, B. Hess, and E. Lindahl
GROMACS 4.5: a high-throughput and highly parallel open source molecular
simulation toolkit
Bioinformatics 29 (2013) pp. 845-54
-------- -------- --- Thank You --- -------- --------


++++ PLEASE READ AND CITE THE FOLLOWING REFERENCE ++++
B. Hess and C. Kutzner and D. van der Spoel and E. Lindahl
GROMACS 4: Algorithms for highly efficient, load-balanced, and scalable
molecular simulation
J. Chem. Theory Comput. 4 (2008) pp. 435-447
-------- -------- --- Thank You --- -------- --------


++++ PLEASE READ AND CITE THE FOLLOWING REFERENCE ++++
D. van der Spoel, E. Lindahl, B. Hess, G. Groenhof, A. E. Mark and H. J. C.
Berendsen
GROMACS: Fast, Flexible and Free
J. Comp. Chem. 26 (2005) pp. 1701-1719
-------- -------- --- Thank You --- -------- --------


++++ PLEASE READ AND CITE THE FOLLOWING REFERENCE ++++
E. Lindahl and B. Hess and D. van der Spoel
GROMACS 3.0: A package for molecular simulation and trajectory analysis
J. Mol. Mod. 7 (2001) pp. 306-317
-------- -------- --- Thank You --- -------- --------


++++ PLEASE READ AND CITE THE FOLLOWING REFERENCE ++++
H. J. C. Berendsen, D. van der Spoel and R. van Drunen
GROMACS: A message-passing parallel molecular dynamics implementation
Comp. Phys. Comm. 91 (1995) pp. 43-56
-------- -------- --- Thank You --- -------- --------

Input Parameters:
   integrator                     = md
   tinit                          = 0
   dt                             = 0.002
   nsteps                         = 15000
   init-step                      = 0
   simulation-part                = 1
   comm-mode                      = Linear
   nstcomm                        = 100
   bd-fric                        = 0
   ld-seed                        = -586192728
   emtol                          = 10
   emstep                         = 0.01
   niter                          = 20
   fcstep                         = 0
   nstcgsteep                     = 1000
   nbfgscorr                      = 10
   rtpi                           = 0.05
   nstxout                        = 500
   nstvout                        = 500
   nstfout                        = 0
   nstlog                         = 500
   nstcalcenergy                  = 100
   nstenergy                      = 500
   nstxout-compressed             = 500
   compressed-x-precision         = 1000
   cutoff-scheme                  = Verlet
   nstlist                        = 10
   ns-type                        = Grid
   pbc                            = xyz
   periodic-molecules             = false
   verlet-buffer-tolerance        = 0.005
   rlist                          = 1
   coulombtype                    = PME
   coulomb-modifier               = Potential-shift
   rcoulomb-switch                = 0
   rcoulomb                       = 1
   epsilon-r                      = 1
   epsilon-rf                     = inf
   vdw-type                       = Cut-off
   vdw-modifier                   = Potential-shift
   rvdw-switch                    = 0
   rvdw                           = 1
   DispCorr                       = EnerPres
   table-extension                = 1
   fourierspacing                 = 0.16
   fourier-nx                     = 44
   fourier-ny                     = 44
   fourier-nz                     = 44
   pme-order                      = 4
   ewald-rtol                     = 1e-05
   ewald-rtol-lj                  = 0.001
   lj-pme-comb-rule               = Geometric
   ewald-geometry                 = 0
   epsilon-surface                = 0
   implicit-solvent               = No
   gb-algorithm                   = Still
   nstgbradii                     = 1
   rgbradii                       = 1
   gb-epsilon-solvent             = 80
   gb-saltconc                    = 0
   gb-obc-alpha                   = 1
   gb-obc-beta                    = 0.8
   gb-obc-gamma                   = 4.85
   gb-dielectric-offset           = 0.009
   sa-algorithm                   = Ace-approximation
   sa-surface-tension             = 2.05016
   tcoupl                         = V-rescale
   nsttcouple                     = 10
   nh-chain-length                = 0
   print-nose-hoover-chain-variables = false
   pcoupl                         = Parrinello-Rahman
   pcoupltype                     = Isotropic
   nstpcouple                     = 10
   tau-p                          = 2
   compressibility (3x3):
      compressibility[    0]={ 4.50000e-05,  0.00000e+00,  0.00000e+00}
      compressibility[    1]={ 0.00000e+00,  4.50000e-05,  0.00000e+00}
      compressibility[    2]={ 0.00000e+00,  0.00000e+00,  4.50000e-05}
   ref-p (3x3):
      ref-p[    0]={ 1.00000e+00,  0.00000e+00,  0.00000e+00}
      ref-p[    1]={ 0.00000e+00,  1.00000e+00,  0.00000e+00}
      ref-p[    2]={ 0.00000e+00,  0.00000e+00,  1.00000e+00}
   refcoord-scaling               = No
   posres-com (3):
      posres-com[0]= 0.00000e+00
      posres-com[1]= 0.00000e+00
      posres-com[2]= 0.00000e+00
   posres-comB (3):
      posres-comB[0]= 0.00000e+00
      posres-comB[1]= 0.00000e+00
      posres-comB[2]= 0.00000e+00
   QMMM                           = false
   QMconstraints                  = 0
   QMMMscheme                     = 0
   MMChargeScaleFactor            = 1
qm-opts:
   ngQM                           = 0
   constraint-algorithm           = Lincs
   continuation                   = true
   Shake-SOR                      = false
   shake-tol                      = 0.0001
   lincs-order                    = 4
   lincs-iter                     = 1
   lincs-warnangle                = 30
   nwall                          = 0
   wall-type                      = 9-3
   wall-r-linpot                  = -1
   wall-atomtype[0]               = -1
   wall-atomtype[1]               = -1
   wall-density[0]                = 0
   wall-density[1]                = 0
   wall-ewald-zfac                = 3
   pull                           = false
   awh                            = false
   rotation                       = false
   interactiveMD                  = false
   disre                          = No
   disre-weighting                = Conservative
   disre-mixed                    = false
   dr-fc                          = 1000
   dr-tau                         = 0
   nstdisreout                    = 100
   orire-fc                       = 0
   orire-tau                      = 0
   nstorireout                    = 100
   free-energy                    = no
   cos-acceleration               = 0
   deform (3x3):
      deform[    0]={ 0.00000e+00,  0.00000e+00,  0.00000e+00}
      deform[    1]={ 0.00000e+00,  0.00000e+00,  0.00000e+00}
      deform[    2]={ 0.00000e+00,  0.00000e+00,  0.00000e+00}
   simulated-tempering            = false
   swapcoords                     = no
   userint1                       = 0
   userint2                       = 0
   userint3                       = 0
   userint4                       = 0
   userreal1                      = 0
   userreal2                      = 0
   userreal3                      = 0
   userreal4                      = 0
   applied-forces:
     electric-field:
       x:
         E0                       = 0
         omega                    = 0
         t0                       = 0
         sigma                    = 0
       y:
         E0                       = 0
         omega                    = 0
         t0                       = 0
         sigma                    = 0
       z:
         E0                       = 0
         omega                    = 0
         t0                       = 0
         sigma                    = 0
grpopts:
   nrdf:     3114.85     59913.1
   ref-t:         300         300
   tau-t:         0.1         0.1
annealing:          No          No
annealing-npoints:           0           0
   acc:	           0           0           0
   nfreeze:           N           N           N
   energygrp-flags[  0]: 0

Changing nstlist from 10 to 40, rlist from 1 to 1.096


Using 1 MPI thread
Using 8 OpenMP threads 

Pinning threads with an auto-selected logical core stride of 1
System total charge: 2.000
Will do PME sum in reciprocal space for electrostatic interactions.

++++ PLEASE READ AND CITE THE FOLLOWING REFERENCE ++++
U. Essmann, L. Perera, M. L. Berkowitz, T. Darden, H. Lee and L. G. Pedersen 
A smooth particle mesh Ewald method
J. Chem. Phys. 103 (1995) pp. 8577-8592
-------- -------- --- Thank You --- -------- --------

Using a Gaussian width (1/beta) of 0.320163 nm for Ewald
Potential shift: LJ r^-12: -1.000e+00 r^-6: -1.000e+00, Ewald -1.000e-05
Initialized non-bonded Ewald correction tables, spacing: 9.33e-04 size: 1073

Long Range LJ corr.: <C6> 3.1204e-04
Generated table with 1048 data points for Ewald.
Tabscale = 500 points/nm
Generated table with 1048 data points for LJ6.
Tabscale = 500 points/nm
Generated table with 1048 data points for LJ12.
Tabscale = 500 points/nm
Generated table with 1048 data points for 1-4 COUL.
Tabscale = 500 points/nm
Generated table with 1048 data points for 1-4 LJ6.
Tabscale = 500 points/nm
Generated table with 1048 data points for 1-4 LJ12.
Tabscale = 500 points/nm

Using SIMD 4x4 nonbonded short-range kernels

Using a dual 4x4 pair-list setup updated with dynamic pruning:
  outer list: updated every 40 steps, buffer 0.096 nm, rlist 1.096 nm
  inner list: updated every 12 steps, buffer 0.003 nm, rlist 1.003 nm
At tolerance 0.005 kJ/mol/ps per atom, equivalent classical 1x1 list would be:
  outer list: updated every 40 steps, buffer 0.211 nm, rlist 1.211 nm
  inner list: updated every 12 steps, buffer 0.048 nm, rlist 1.048 nm

Using Lorentz-Berthelot Lennard-Jones combination rule


Initializing LINear Constraint Solver

++++ PLEASE READ AND CITE THE FOLLOWING REFERENCE ++++
B. Hess and H. Bekker and H. J. C. Berendsen and J. G. E. M. Fraaije
LINCS: A Linear Constraint Solver for molecular simulations
J. Comp. Chem. 18 (1997) pp. 1463-1472
-------- -------- --- Thank You --- -------- --------

The number of constraints is 1577

++++ PLEASE READ AND CITE THE FOLLOWING REFERENCE ++++
S. Miyamoto and P. A. Kollman
SETTLE: An Analytical Version of the SHAKE and RATTLE Algorithms for Rigid
Water Models
J. Comp. Chem. 13 (1992) pp. 952-962
-------- -------- --- Thank You --- -------- --------


Intra-simulation communication will occur every 10 steps.
Center of mass motion removal mode is Linear
We have the following groups for center of mass motion removal:
  0:  rest

++++ PLEASE READ AND CITE THE FOLLOWING REFERENCE ++++
G. Bussi, D. Donadio and M. Parrinello
Canonical sampling through velocity rescaling
J. Chem. Phys. 126 (2007) pp. 014101
-------- -------- --- Thank You --- -------- --------

There are: 31522 Atoms

Started mdrun on rank 0 Fri May 15 16:29:41 2020
           Step           Time
              0        0.00000

   Energies (kJ/mol)
          Angle    Proper Dih.  Improper Dih.          LJ-14     Coulomb-14
    3.19754e+03    4.32067e+03    1.71798e+02    1.63518e+03    1.88042e+04
        LJ (SR)  Disper. corr.   Coulomb (SR)   Coul. recip.      Potential
    8.94231e+04   -4.15971e+03   -5.91214e+05    2.74848e+03   -4.75072e+05
    Kinetic En.   Total Energy  Conserved En.    Temperature Pres. DC (bar)
    7.98840e+04   -3.95188e+05   -3.95170e+05    3.04875e+02   -2.21754e+02
 Pressure (bar)   Constr. rmsd
    2.51372e+02    2.61546e-05

           Step           Time
            500        1.00000

   Energies (kJ/mol)
          Angle    Proper Dih.  Improper Dih.          LJ-14     Coulomb-14
    3.24184e+03    4.32667e+03    2.06399e+02    1.63780e+03    1.88231e+04
        LJ (SR)  Disper. corr.   Coulomb (SR)   Coul. recip.      Potential
    8.79606e+04   -4.15367e+03   -5.90293e+05    2.68508e+03   -4.75565e+05
    Kinetic En.   Total Energy  Conserved En.    Temperature Pres. DC (bar)
    7.96350e+04   -3.95930e+05   -3.95205e+05    3.03925e+02   -2.21111e+02
 Pressure (bar)   Constr. rmsd
   -3.23132e+01    2.63032e-05

           Step           Time
           1000        2.00000

   Energies (kJ/mol)
          Angle    Proper Dih.  Improper Dih.          LJ-14     Coulomb-14
    3.19273e+03    4.31193e+03    1.82820e+02    1.69399e+03    1.88548e+04
        LJ (SR)  Disper. corr.   Coulomb (SR)   Coul. recip.      Potential
    8.96646e+04   -4.16640e+03   -5.91996e+05    2.71588e+03   -4.75546e+05
    Kinetic En.   Total Energy  Conserved En.    Temperature Pres. DC (bar)
    7.87646e+04   -3.96781e+05   -3.95182e+05    3.00603e+02   -2.22467e+02
 Pressure (bar)   Constr. rmsd
    4.96427e+02    2.09811e-05

           Step           Time
           1500        3.00000

   Energies (kJ/mol)
          Angle    Proper Dih.  Improper Dih.          LJ-14     Coulomb-14
    3.30182e+03    4.24616e+03    1.65322e+02    1.64874e+03    1.88954e+04
        LJ (SR)  Disper. corr.   Coulomb (SR)   Coul. recip.      Potential
    8.76542e+04   -4.14085e+03   -5.89375e+05    2.63560e+03   -4.74969e+05
    Kinetic En.   Total Energy  Conserved En.    Temperature Pres. DC (bar)
    7.83351e+04   -3.96634e+05   -3.95198e+05    2.98964e+02   -2.19749e+02
 Pressure (bar)   Constr. rmsd
   -1.55901e+02    2.58303e-05

           Step           Time
           2000        4.00000

   Energies (kJ/mol)
          Angle    Proper Dih.  Improper Dih.          LJ-14     Coulomb-14
    3.37565e+03    4.31474e+03    1.94651e+02    1.61917e+03    1.87264e+04
        LJ (SR)  Disper. corr.   Coulomb (SR)   Coul. recip.      Potential
    8.78636e+04   -4.15651e+03   -5.89154e+05    2.72543e+03   -4.74491e+05
    Kinetic En.   Total Energy  Conserved En.    Temperature Pres. DC (bar)
    7.89150e+04   -3.95576e+05   -3.95204e+05    3.01177e+02   -2.21413e+02
 Pressure (bar)   Constr. rmsd
   -3.22637e+01    2.54067e-05

           Step           Time
           2500        5.00000

   Energies (kJ/mol)
          Angle    Proper Dih.  Improper Dih.          LJ-14     Coulomb-14
    3.20617e+03    4.30503e+03    1.56498e+02    1.61643e+03    1.87465e+04
        LJ (SR)  Disper. corr.   Coulomb (SR)   Coul. recip.      Potential
    8.82807e+04   -4.15147e+03   -5.90896e+05    2.67410e+03   -4.76062e+05
    Kinetic En.   Total Energy  Conserved En.    Temperature Pres. DC (bar)
    7.85734e+04   -3.97488e+05   -3.95213e+05    2.99873e+02   -2.20877e+02
 Pressure (bar)   Constr. rmsd
   -1.05567e+02    2.86073e-05

           Step           Time
           3000        6.00000

   Energies (kJ/mol)
          Angle    Proper Dih.  Improper Dih.          LJ-14     Coulomb-14
    3.13819e+03    4.26794e+03    1.71177e+02    1.61261e+03    1.88198e+04
        LJ (SR)  Disper. corr.   Coulomb (SR)   Coul. recip.      Potential
    8.91476e+04   -4.15335e+03   -5.92456e+05    2.72748e+03   -4.76724e+05
    Kinetic En.   Total Energy  Conserved En.    Temperature Pres. DC (bar)
    7.85194e+04   -3.98205e+05   -3.95242e+05    2.99667e+02   -2.21076e+02
 Pressure (bar)   Constr. rmsd
    1.97749e+01    2.73761e-05

           Step           Time
           3500        7.00000

   Energies (kJ/mol)
          Angle    Proper Dih.  Improper Dih.          LJ-14     Coulomb-14
    3.31626e+03    4.30349e+03    1.71687e+02    1.63679e+03    1.86420e+04
        LJ (SR)  Disper. corr.   Coulomb (SR)   Coul. recip.      Potential
    8.75965e+04   -4.15336e+03   -5.89950e+05    2.65750e+03   -4.75779e+05
    Kinetic En.   Total Energy  Conserved En.    Temperature Pres. DC (bar)
    7.85629e+04   -3.97216e+05   -3.95242e+05    2.99833e+02   -2.21078e+02
 Pressure (bar)   Constr. rmsd
   -2.57780e+02    2.98215e-05

           Step           Time
           4000        8.00000

   Energies (kJ/mol)
          Angle    Proper Dih.  Improper Dih.          LJ-14     Coulomb-14
    3.29187e+03    4.39489e+03    1.59529e+02    1.61914e+03    1.88295e+04
        LJ (SR)  Disper. corr.   Coulomb (SR)   Coul. recip.      Potential
    8.90386e+04   -4.17607e+03   -5.91068e+05    2.64297e+03   -4.75268e+05
    Kinetic En.   Total Energy  Conserved En.    Temperature Pres. DC (bar)
    7.90424e+04   -3.96225e+05   -3.95252e+05    3.01663e+02   -2.23499e+02
 Pressure (bar)   Constr. rmsd
    2.18834e+02    2.61032e-05

           Step           Time
           4500        9.00000

   Energies (kJ/mol)
          Angle    Proper Dih.  Improper Dih.          LJ-14     Coulomb-14
    3.17516e+03    4.28152e+03    1.90827e+02    1.59808e+03    1.87817e+04
        LJ (SR)  Disper. corr.   Coulomb (SR)   Coul. recip.      Potential
    8.82822e+04   -4.16045e+03   -5.89944e+05    2.67882e+03   -4.75116e+05
    Kinetic En.   Total Energy  Conserved En.    Temperature Pres. DC (bar)
    7.87378e+04   -3.96378e+05   -3.95275e+05    3.00501e+02   -2.21832e+02
 Pressure (bar)   Constr. rmsd
    2.14062e+01    2.55517e-05

           Step           Time
           5000       10.00000

   Energies (kJ/mol)
          Angle    Proper Dih.  Improper Dih.          LJ-14     Coulomb-14
    3.18509e+03    4.29793e+03    1.89417e+02    1.64724e+03    1.87238e+04
        LJ (SR)  Disper. corr.   Coulomb (SR)   Coul. recip.      Potential
    8.84521e+04   -4.16145e+03   -5.89891e+05    2.73346e+03   -4.74823e+05
    Kinetic En.   Total Energy  Conserved En.    Temperature Pres. DC (bar)
    7.91535e+04   -3.95670e+05   -3.95278e+05    3.02087e+02   -2.21939e+02
 Pressure (bar)   Constr. rmsd
    6.27702e+01    2.83871e-05

           Step           Time
           5500       11.00000

   Energies (kJ/mol)
          Angle    Proper Dih.  Improper Dih.          LJ-14     Coulomb-14
    3.25139e+03    4.28978e+03    2.22791e+02    1.61686e+03    1.86592e+04
        LJ (SR)  Disper. corr.   Coulomb (SR)   Coul. recip.      Potential
    8.87987e+04   -4.13751e+03   -5.91063e+05    2.72059e+03   -4.75641e+05
    Kinetic En.   Total Energy  Conserved En.    Temperature Pres. DC (bar)
    7.82182e+04   -3.97423e+05   -3.95275e+05    2.98518e+02   -2.19396e+02
 Pressure (bar)   Constr. rmsd
    3.62829e+01    2.50846e-05

           Step           Time
           6000       12.00000

   Energies (kJ/mol)
          Angle    Proper Dih.  Improper Dih.          LJ-14     Coulomb-14
    3.21282e+03    4.31965e+03    1.62101e+02    1.60272e+03    1.87408e+04
        LJ (SR)  Disper. corr.   Coulomb (SR)   Coul. recip.      Potential
    8.85678e+04   -4.14723e+03   -5.91175e+05    2.78028e+03   -4.75936e+05
    Kinetic En.   Total Energy  Conserved En.    Temperature Pres. DC (bar)
    7.80571e+04   -3.97879e+05   -3.95286e+05    2.97903e+02   -2.20426e+02
 Pressure (bar)   Constr. rmsd
   -4.50615e+01    2.63522e-05

           Step           Time
           6500       13.00000

   Energies (kJ/mol)
          Angle    Proper Dih.  Improper Dih.          LJ-14     Coulomb-14
    3.16494e+03    4.31747e+03    1.63111e+02    1.61558e+03    1.86919e+04
        LJ (SR)  Disper. corr.   Coulomb (SR)   Coul. recip.      Potential
    8.77191e+04   -4.13864e+03   -5.89073e+05    2.70637e+03   -4.74833e+05
    Kinetic En.   Total Energy  Conserved En.    Temperature Pres. DC (bar)
    7.87506e+04   -3.96083e+05   -3.95296e+05    3.00549e+02   -2.19516e+02
 Pressure (bar)   Constr. rmsd
   -2.56548e+01    2.54088e-05

           Step           Time
           7000       14.00000

   Energies (kJ/mol)
          Angle    Proper Dih.  Improper Dih.          LJ-14     Coulomb-14
    3.07429e+03    4.32708e+03    1.73388e+02    1.62422e+03    1.87688e+04
        LJ (SR)  Disper. corr.   Coulomb (SR)   Coul. recip.      Potential
    8.75358e+04   -4.15724e+03   -5.89576e+05    2.63941e+03   -4.75590e+05
    Kinetic En.   Total Energy  Conserved En.    Temperature Pres. DC (bar)
    7.87234e+04   -3.96867e+05   -3.95325e+05    3.00446e+02   -2.21490e+02
 Pressure (bar)   Constr. rmsd
   -4.36782e+01    2.49101e-05

           Step           Time
           7500       15.00000

   Energies (kJ/mol)
          Angle    Proper Dih.  Improper Dih.          LJ-14     Coulomb-14
    3.18637e+03    4.26655e+03    1.72157e+02    1.61071e+03    1.88023e+04
        LJ (SR)  Disper. corr.   Coulomb (SR)   Coul. recip.      Potential
    8.70708e+04   -4.14834e+03   -5.87922e+05    2.72910e+03   -4.74232e+05
    Kinetic En.   Total Energy  Conserved En.    Temperature Pres. DC (bar)
    7.95116e+04   -3.94720e+05   -3.95328e+05    3.03454e+02   -2.20544e+02
 Pressure (bar)   Constr. rmsd
   -1.66501e+02    2.69882e-05

           Step           Time
           8000       16.00000

   Energies (kJ/mol)
          Angle    Proper Dih.  Improper Dih.          LJ-14     Coulomb-14
    3.22774e+03    4.23100e+03    1.59029e+02    1.59986e+03    1.87528e+04
        LJ (SR)  Disper. corr.   Coulomb (SR)   Coul. recip.      Potential
    8.91481e+04   -4.15369e+03   -5.91660e+05    2.75807e+03   -4.75938e+05
    Kinetic En.   Total Energy  Conserved En.    Temperature Pres. DC (bar)
    7.89962e+04   -3.96941e+05   -3.95336e+05    3.01487e+02   -2.21112e+02
 Pressure (bar)   Constr. rmsd
    1.40897e+02    2.52225e-05

           Step           Time
           8500       17.00000

   Energies (kJ/mol)
          Angle    Proper Dih.  Improper Dih.          LJ-14     Coulomb-14
    3.31117e+03    4.21174e+03    1.62754e+02    1.62144e+03    1.87075e+04
        LJ (SR)  Disper. corr.   Coulomb (SR)   Coul. recip.      Potential
    8.85025e+04   -4.13850e+03   -5.89854e+05    2.60967e+03   -4.74866e+05
    Kinetic En.   Total Energy  Conserved En.    Temperature Pres. DC (bar)
    7.88007e+04   -3.96065e+05   -3.95335e+05    3.00741e+02   -2.19500e+02
 Pressure (bar)   Constr. rmsd
   -2.92622e+01    2.65132e-05

           Step           Time
           9000       18.00000

   Energies (kJ/mol)
          Angle    Proper Dih.  Improper Dih.          LJ-14     Coulomb-14
    3.12484e+03    4.18888e+03    1.68964e+02    1.62397e+03    1.86947e+04
        LJ (SR)  Disper. corr.   Coulomb (SR)   Coul. recip.      Potential
    8.81838e+04   -4.15512e+03   -5.89367e+05    2.68230e+03   -4.74855e+05
    Kinetic En.   Total Energy  Conserved En.    Temperature Pres. DC (bar)
    7.84360e+04   -3.96419e+05   -3.95348e+05    2.99349e+02   -2.21265e+02
 Pressure (bar)   Constr. rmsd
    5.61175e+01    2.59752e-05

           Step           Time
           9500       19.00000

   Energies (kJ/mol)
          Angle    Proper Dih.  Improper Dih.          LJ-14     Coulomb-14
    3.17380e+03    4.30320e+03    1.41946e+02    1.61795e+03    1.88555e+04
        LJ (SR)  Disper. corr.   Coulomb (SR)   Coul. recip.      Potential
    8.95873e+04   -4.14046e+03   -5.91951e+05    2.70083e+03   -4.75711e+05
    Kinetic En.   Total Energy  Conserved En.    Temperature Pres. DC (bar)
    7.83698e+04   -3.97342e+05   -3.95387e+05    2.99096e+02   -2.19708e+02
 Pressure (bar)   Constr. rmsd
    1.34746e+02    2.44678e-05

           Step           Time
          10000       20.00000

   Energies (kJ/mol)
          Angle    Proper Dih.  Improper Dih.          LJ-14     Coulomb-14
    3.30110e+03    4.25949e+03    1.72922e+02    1.62818e+03    1.87834e+04
        LJ (SR)  Disper. corr.   Coulomb (SR)   Coul. recip.      Potential
    9.00171e+04   -4.16141e+03   -5.92863e+05    2.74938e+03   -4.76113e+05
    Kinetic En.   Total Energy  Conserved En.    Temperature Pres. DC (bar)
    7.88677e+04   -3.97245e+05   -3.95384e+05    3.00997e+02   -2.21935e+02
 Pressure (bar)   Constr. rmsd
    3.27460e+02    2.43952e-05

           Step           Time
          10500       21.00000

   Energies (kJ/mol)
          Angle    Proper Dih.  Improper Dih.          LJ-14     Coulomb-14
    3.13025e+03    4.28815e+03    1.66052e+02    1.60730e+03    1.88335e+04
        LJ (SR)  Disper. corr.   Coulomb (SR)   Coul. recip.      Potential
    8.92213e+04   -4.15196e+03   -5.92222e+05    2.68286e+03   -4.76445e+05
    Kinetic En.   Total Energy  Conserved En.    Temperature Pres. DC (bar)
    7.83784e+04   -3.98066e+05   -3.95397e+05    2.99129e+02   -2.20929e+02
 Pressure (bar)   Constr. rmsd
    7.80871e+01    2.62918e-05

           Step           Time
          11000       22.00000

   Energies (kJ/mol)
          Angle    Proper Dih.  Improper Dih.          LJ-14     Coulomb-14
    3.24736e+03    4.28442e+03    1.82653e+02    1.65975e+03    1.87665e+04
        LJ (SR)  Disper. corr.   Coulomb (SR)   Coul. recip.      Potential
    8.85223e+04   -4.13286e+03   -5.89971e+05    2.74813e+03   -4.74693e+05
    Kinetic En.   Total Energy  Conserved En.    Temperature Pres. DC (bar)
    7.82723e+04   -3.96420e+05   -3.95401e+05    2.98724e+02   -2.18904e+02
 Pressure (bar)   Constr. rmsd
    8.72620e+01    2.38725e-05

           Step           Time
          11500       23.00000

   Energies (kJ/mol)
          Angle    Proper Dih.  Improper Dih.          LJ-14     Coulomb-14
    3.20843e+03    4.20894e+03    1.98927e+02    1.63493e+03    1.87943e+04
        LJ (SR)  Disper. corr.   Coulomb (SR)   Coul. recip.      Potential
    8.82079e+04   -4.15494e+03   -5.88856e+05    2.70313e+03   -4.74054e+05
    Kinetic En.   Total Energy  Conserved En.    Temperature Pres. DC (bar)
    7.88893e+04   -3.95165e+05   -3.95410e+05    3.01079e+02   -2.21245e+02
 Pressure (bar)   Constr. rmsd
    1.35466e+02    2.56482e-05

           Step           Time
          12000       24.00000

   Energies (kJ/mol)
          Angle    Proper Dih.  Improper Dih.          LJ-14     Coulomb-14
    3.35163e+03    4.35936e+03    1.82888e+02    1.56548e+03    1.88541e+04
        LJ (SR)  Disper. corr.   Coulomb (SR)   Coul. recip.      Potential
    8.84737e+04   -4.16608e+03   -5.90217e+05    2.59824e+03   -4.74998e+05
    Kinetic En.   Total Energy  Conserved En.    Temperature Pres. DC (bar)
    7.86228e+04   -3.96375e+05   -3.95424e+05    3.00062e+02   -2.22433e+02
 Pressure (bar)   Constr. rmsd
    7.93164e+01    2.60616e-05

           Step           Time
          12500       25.00000

   Energies (kJ/mol)
          Angle    Proper Dih.  Improper Dih.          LJ-14     Coulomb-14
    3.26371e+03    4.28374e+03    2.04471e+02    1.55779e+03    1.88081e+04
        LJ (SR)  Disper. corr.   Coulomb (SR)   Coul. recip.      Potential
    8.79874e+04   -4.13038e+03   -5.89049e+05    2.65858e+03   -4.74415e+05
    Kinetic En.   Total Energy  Conserved En.    Temperature Pres. DC (bar)
    7.85616e+04   -3.95854e+05   -3.95449e+05    2.99828e+02   -2.18640e+02
 Pressure (bar)   Constr. rmsd
   -2.72997e+02    2.81771e-05

           Step           Time
          13000       26.00000

   Energies (kJ/mol)
          Angle    Proper Dih.  Improper Dih.          LJ-14     Coulomb-14
    3.31214e+03    4.25231e+03    1.94738e+02    1.62672e+03    1.87572e+04
        LJ (SR)  Disper. corr.   Coulomb (SR)   Coul. recip.      Potential
    8.81390e+04   -4.16229e+03   -5.90397e+05    2.66908e+03   -4.75608e+05
    Kinetic En.   Total Energy  Conserved En.    Temperature Pres. DC (bar)
    7.84326e+04   -3.97176e+05   -3.95434e+05    2.99336e+02   -2.22028e+02
 Pressure (bar)   Constr. rmsd
   -5.34667e+01    2.57403e-05

           Step           Time
          13500       27.00000

   Energies (kJ/mol)
          Angle    Proper Dih.  Improper Dih.          LJ-14     Coulomb-14
    3.00403e+03    4.19828e+03    1.57704e+02    1.60961e+03    1.88128e+04
        LJ (SR)  Disper. corr.   Coulomb (SR)   Coul. recip.      Potential
    8.83415e+04   -4.13490e+03   -5.90948e+05    2.65284e+03   -4.76306e+05
    Kinetic En.   Total Energy  Conserved En.    Temperature Pres. DC (bar)
    7.86612e+04   -3.97645e+05   -3.95477e+05    3.00208e+02   -2.19119e+02
 Pressure (bar)   Constr. rmsd
   -8.50399e+01    2.52411e-05

           Step           Time
          14000       28.00000

   Energies (kJ/mol)
          Angle    Proper Dih.  Improper Dih.          LJ-14     Coulomb-14
    3.12297e+03    4.28153e+03    1.76492e+02    1.55870e+03    1.87844e+04
        LJ (SR)  Disper. corr.   Coulomb (SR)   Coul. recip.      Potential
    8.80275e+04   -4.16025e+03   -5.91086e+05    2.61835e+03   -4.76676e+05
    Kinetic En.   Total Energy  Conserved En.    Temperature Pres. DC (bar)
    7.84832e+04   -3.98193e+05   -3.95477e+05    2.99529e+02   -2.21811e+02
 Pressure (bar)   Constr. rmsd
   -6.11743e+01    2.53217e-05

           Step           Time
          14500       29.00000

   Energies (kJ/mol)
          Angle    Proper Dih.  Improper Dih.          LJ-14     Coulomb-14
    3.17355e+03    4.28406e+03    2.07125e+02    1.65741e+03    1.88500e+04
        LJ (SR)  Disper. corr.   Coulomb (SR)   Coul. recip.      Potential
    8.93122e+04   -4.14788e+03   -5.92507e+05    2.57066e+03   -4.76600e+05
    Kinetic En.   Total Energy  Conserved En.    Temperature Pres. DC (bar)
    7.88726e+04   -3.97727e+05   -3.95474e+05    3.01015e+02   -2.20495e+02
 Pressure (bar)   Constr. rmsd
    8.18688e+01    2.49322e-05

           Step           Time
          15000       30.00000

Writing checkpoint, step 15000 at Fri May 15 16:32:52 2020


   Energies (kJ/mol)
          Angle    Proper Dih.  Improper Dih.          LJ-14     Coulomb-14
    3.02086e+03    4.21044e+03    1.63366e+02    1.60480e+03    1.87468e+04
        LJ (SR)  Disper. corr.   Coulomb (SR)   Coul. recip.      Potential
    8.83424e+04   -4.15163e+03   -5.91448e+05    2.64334e+03   -4.76868e+05
    Kinetic En.   Total Energy  Conserved En.    Temperature Pres. DC (bar)
    7.77825e+04   -3.99086e+05   -3.95481e+05    2.96855e+02   -2.20894e+02
 Pressure (bar)   Constr. rmsd
   -9.96481e+01    2.43019e-05

	<======  ###############  ==>
	<====  A V E R A G E S  ====>
	<==  ###############  ======>

	Statistics over 15001 steps using 151 frames

   Energies (kJ/mol)
          Angle    Proper Dih.  Improper Dih.          LJ-14     Coulomb-14
    3.22074e+03    4.28038e+03    1.78063e+02    1.62331e+03    1.87876e+04
        LJ (SR)  Disper. corr.   Coulomb (SR)   Coul. recip.      Potential
    8.83849e+04   -4.15050e+03   -5.90315e+05    2.69230e+03   -4.75298e+05
    Kinetic En.   Total Energy  Conserved En.    Temperature Pres. DC (bar)
    7.86401e+04   -3.96658e+05   -3.95328e+05    3.00128e+02   -2.20775e+02
 Pressure (bar)   Constr. rmsd
    6.05299e+00    0.00000e+00

          Box-X          Box-Y          Box-Z
    6.78640e+00    6.78640e+00    6.78640e+00

   Total Virial (kJ/mol)
    2.61125e+04   -5.90627e+01   -1.48853e+01
   -5.95821e+01    2.60405e+04    6.69504e+01
   -1.23601e+01    6.96620e+01    2.63214e+04

   Pressure (bar)
    1.10302e+01    5.99720e+00    1.96737e+00
    6.05254e+00    1.72500e+01   -3.78809e+00
    1.69897e+00   -4.07671e+00   -1.01213e+01

      T-Protein  T-non-Protein
    2.99747e+02    3.00148e+02


	M E G A - F L O P S   A C C O U N T I N G

 NB=Group-cutoff nonbonded kernels    NxN=N-by-N cluster Verlet kernels
 RF=Reaction-Field  VdW=Van der Waals  QSTab=quadratic-spline table
 W3=SPC/TIP3p  W4=TIP4p (single or pairs)
 V&F=Potential and force  V=Potential only  F=Force only

 Computing:                               M-Number         M-Flops  % Flops
-----------------------------------------------------------------------------
 Pair Search distance check            3968.763582       35718.872     0.4
 NxN QSTab Elec. + LJ [F]            121302.234248     4973391.604    52.4
 NxN QSTab Elec. + LJ [V&F]            1233.562048       72780.161     0.8
 NxN QSTab Elec. [F]                 107414.445816     3652091.158    38.4
 NxN QSTab Elec. [V&F]                 1092.204880       44780.400     0.5
 1,4 nonbonded interactions              62.344156        5610.974     0.1
 Calc Weights                          1418.584566       51069.044     0.5
 Spread Q Bspline                     30263.137408       60526.275     0.6
 Gather F Bspline                     30263.137408      181578.824     1.9
 3D-FFT                               41857.830336      334862.643     3.5
 Solve PME                               29.041936        1858.684     0.0
 Shift-X                                 11.852272          71.114     0.0
 Angles                                  43.292886        7273.205     0.1
 Propers                                 68.389559       15661.209     0.2
 Impropers                                4.125275         858.057     0.0
 Virial                                  47.382067         852.877     0.0
 Stop-CM                                  4.759822          47.598     0.0
 Calc-Ekin                               94.629044        2554.984     0.0
 Lincs                                   23.656577        1419.395     0.0
 Lincs-Mat                              519.514632        2078.059     0.0
 Constraint-V                           496.713112        3973.705     0.0
 Constraint-Vir                          47.334035        1136.017     0.0
 Settle                                 149.799986       48385.395     0.5
-----------------------------------------------------------------------------
 Total                                                 9498580.254   100.0
-----------------------------------------------------------------------------


     R E A L   C Y C L E   A N D   T I M E   A C C O U N T I N G

On 1 MPI rank, each using 8 OpenMP threads

 Computing:          Num   Num      Call    Wall time         Giga-Cycles
                     Ranks Threads  Count      (s)         total sum    %
-----------------------------------------------------------------------------
 Neighbor search        1    8        376       4.112        111.603   2.2
 Force                  1    8      15001     140.019       3800.097  73.4
 PME mesh               1    8      15001      29.451        799.299  15.4
 NB X/F buffer ops.     1    8      29626       6.473        175.673   3.4
 Write traj.            1    8         31       0.358          9.711   0.2
 Update                 1    8      15001       3.280         89.023   1.7
 Constraints            1    8      15001       6.224        168.914   3.3
 Rest                                           0.740         20.094   0.4
-----------------------------------------------------------------------------
 Total                                        190.657       5174.416 100.0
-----------------------------------------------------------------------------
 Breakdown of PME mesh computation
-----------------------------------------------------------------------------
 PME spread             1    8      15001      11.584        314.387   6.1
 PME gather             1    8      15001      10.620        288.219   5.6
 PME 3D-FFT             1    8      30002       5.985        162.424   3.1
 PME solve Elec         1    8      15001       0.816         22.143   0.4
-----------------------------------------------------------------------------

               Core t (s)   Wall t (s)        (%)
       Time:     1525.257      190.657      800.0
                 (ns/day)    (hour/ns)
Performance:       13.596        1.765
Finished mdrun on rank 0 Fri May 15 16:32:52 2020
