Log file opened on Fri May 15 16:15:06 2020
Host: linux-01  pid: 15226  rank ID: 0  number of ranks:  1
                      :-) GROMACS - gmx mdrun, 2018.1 (-:

                            GROMACS is written by:
     Emile Apol      Rossen Apostolov      Paul Bauer     Herman J.C. Berendsen
    Par Bjelkmar    Aldert van Buuren   Rudi van Drunen     Anton Feenstra  
  Gerrit Groenhof    Aleksei Iupinov   Christoph Junghans   Anca Hamuraru   
 Vincent Hindriksen Dimitrios Karkoulis    Peter Kasson        Jiri Kraus    
  Carsten Kutzner      Per Larsson      Justin A. Lemkul    Viveca Lindahl  
  Magnus Lundborg   Pieter Meulenhoff    Erik Marklund      Teemu Murtola   
    Szilard Pall       Sander Pronk      Roland Schulz     Alexey Shvetsov  
   Michael Shirts     Alfons Sijbers     Peter Tieleman    Teemu Virolainen 
 Christian Wennberg    Maarten Wolf   
                           and the project leaders:
        Mark Abraham, Berk Hess, Erik Lindahl, and David van der Spoel

Copyright (c) 1991-2000, University of Groningen, The Netherlands.
Copyright (c) 2001-2017, The GROMACS development team at
Uppsala University, Stockholm University and
the Royal Institute of Technology, Sweden.
check out http://www.gromacs.org for more information.

GROMACS is free software; you can redistribute it and/or modify it
under the terms of the GNU Lesser General Public License
as published by the Free Software Foundation; either version 2.1
of the License, or (at your option) any later version.

GROMACS:      gmx mdrun, version 2018.1
Executable:   /usr/bin/gmx
Data prefix:  /usr
Working dir:  /home/boukhan/Desktop/Lab6b/CSCI474/lab7a
Command line:
  gmx mdrun -v -deffnm nvt

GROMACS version:    2018.1
Precision:          single
Memory model:       64 bit
MPI library:        thread_mpi
OpenMP support:     enabled (GMX_OPENMP_MAX_THREADS = 64)
GPU support:        disabled
SIMD instructions:  SSE2
FFT library:        fftw-3.3.7-sse2-avx
RDTSCP usage:       disabled
TNG support:        enabled
Hwloc support:      hwloc-1.11.6
Tracing support:    disabled
Built on:           2018-03-31 17:12:46
Built by:           buildd@debian [CMAKE]
Build OS/arch:      Linux x86_64
Build CPU vendor:   Intel
Build CPU brand:    Westmere E56xx/L56xx/X56xx (Nehalem-C)
Build CPU family:   6   Model: 44   Stepping: 1
Build CPU features: aes apic clfsh cmov cx8 cx16 intel lahf mmx msr pcid pclmuldq pdpe1gb popcnt pse rdtscp sse2 sse3 sse4.1 sse4.2 ssse3 x2apic
C compiler:         /usr/bin/cc GNU 7.3.0
C compiler flags:    -msse2   -g -O2 -fdebug-prefix-map=/build/gromacs-Fqu8ou/gromacs-2018.1=. -fstack-protector-strong -Wformat -Werror=format-security -Wdate-time -D_FORTIFY_SOURCE=2  -O3 -DNDEBUG -funroll-all-loops -fexcess-precision=fast  
C++ compiler:       /usr/bin/c++ GNU 7.3.0
C++ compiler flags:  -msse2   -g -O2 -fdebug-prefix-map=/build/gromacs-Fqu8ou/gromacs-2018.1=. -fstack-protector-strong -Wformat -Werror=format-security -Wdate-time -D_FORTIFY_SOURCE=2 -std=c++11   -O3 -DNDEBUG -funroll-all-loops -fexcess-precision=fast  


Running on 1 node with total 4 cores, 8 logical cores
Hardware detected:
  CPU info:
    Vendor: Intel
    Brand:  Intel(R) Core(TM) i7-2600 CPU @ 3.40GHz
    Family: 6   Model: 42   Stepping: 7
    Features: aes apic avx clfsh cmov cx8 cx16 htt intel lahf mmx msr nonstop_tsc pcid pclmuldq pdcm popcnt pse rdtscp sse2 sse3 sse4.1 sse4.2 ssse3 tdt x2apic
  Hardware topology: Full, with devices
    Sockets, cores, and logical processors:
      Socket  0: [   0   4] [   1   5] [   2   6] [   3   7]
    Numa nodes:
      Node  0 (16743727104 bytes mem):   0   1   2   3   4   5   6   7
      Latency:
               0
         0  1.00
    Caches:
      L1: 32768 bytes, linesize 64 bytes, assoc. 8, shared 2 ways
      L2: 262144 bytes, linesize 64 bytes, assoc. 8, shared 2 ways
      L3: 8388608 bytes, linesize 64 bytes, assoc. 16, shared 8 ways
    PCI devices:
      0000:01:00.0  Id: 10de:06e0  Class: 0x0300  Numa: 0
      0000:00:19.0  Id: 8086:1502  Class: 0x0200  Numa: 0
      0000:00:1f.2  Id: 8086:2822  Class: 0x0104  Numa: 0

Highest SIMD level requested by all nodes in run: AVX_256
SIMD instructions selected at compile time:       SSE2
This program was compiled for different hardware than you are running on,
which could influence performance.
The current CPU can measure timings more accurately than the code in
gmx mdrun was configured to use. This might affect your simulation
speed as accurate timings are needed for load-balancing.
Please consider rebuilding gmx mdrun with the GMX_USE_RDTSCP=ON CMake option.

++++ PLEASE READ AND CITE THE FOLLOWING REFERENCE ++++
M. J. Abraham, T. Murtola, R. Schulz, S. Páll, J. C. Smith, B. Hess, E.
Lindahl
GROMACS: High performance molecular simulations through multi-level
parallelism from laptops to supercomputers
SoftwareX 1 (2015) pp. 19-25
-------- -------- --- Thank You --- -------- --------


++++ PLEASE READ AND CITE THE FOLLOWING REFERENCE ++++
S. Páll, M. J. Abraham, C. Kutzner, B. Hess, E. Lindahl
Tackling Exascale Software Challenges in Molecular Dynamics Simulations with
GROMACS
In S. Markidis & E. Laure (Eds.), Solving Software Challenges for Exascale 8759 (2015) pp. 3-27
-------- -------- --- Thank You --- -------- --------


++++ PLEASE READ AND CITE THE FOLLOWING REFERENCE ++++
S. Pronk, S. Páll, R. Schulz, P. Larsson, P. Bjelkmar, R. Apostolov, M. R.
Shirts, J. C. Smith, P. M. Kasson, D. van der Spoel, B. Hess, and E. Lindahl
GROMACS 4.5: a high-throughput and highly parallel open source molecular
simulation toolkit
Bioinformatics 29 (2013) pp. 845-54
-------- -------- --- Thank You --- -------- --------


++++ PLEASE READ AND CITE THE FOLLOWING REFERENCE ++++
B. Hess and C. Kutzner and D. van der Spoel and E. Lindahl
GROMACS 4: Algorithms for highly efficient, load-balanced, and scalable
molecular simulation
J. Chem. Theory Comput. 4 (2008) pp. 435-447
-------- -------- --- Thank You --- -------- --------


++++ PLEASE READ AND CITE THE FOLLOWING REFERENCE ++++
D. van der Spoel, E. Lindahl, B. Hess, G. Groenhof, A. E. Mark and H. J. C.
Berendsen
GROMACS: Fast, Flexible and Free
J. Comp. Chem. 26 (2005) pp. 1701-1719
-------- -------- --- Thank You --- -------- --------


++++ PLEASE READ AND CITE THE FOLLOWING REFERENCE ++++
E. Lindahl and B. Hess and D. van der Spoel
GROMACS 3.0: A package for molecular simulation and trajectory analysis
J. Mol. Mod. 7 (2001) pp. 306-317
-------- -------- --- Thank You --- -------- --------


++++ PLEASE READ AND CITE THE FOLLOWING REFERENCE ++++
H. J. C. Berendsen, D. van der Spoel and R. van Drunen
GROMACS: A message-passing parallel molecular dynamics implementation
Comp. Phys. Comm. 91 (1995) pp. 43-56
-------- -------- --- Thank You --- -------- --------

Input Parameters:
   integrator                     = md
   tinit                          = 0
   dt                             = 0.002
   nsteps                         = 5000
   init-step                      = 0
   simulation-part                = 1
   comm-mode                      = Linear
   nstcomm                        = 100
   bd-fric                        = 0
   ld-seed                        = 338591443
   emtol                          = 10
   emstep                         = 0.01
   niter                          = 20
   fcstep                         = 0
   nstcgsteep                     = 1000
   nbfgscorr                      = 10
   rtpi                           = 0.05
   nstxout                        = 500
   nstvout                        = 500
   nstfout                        = 0
   nstlog                         = 500
   nstcalcenergy                  = 100
   nstenergy                      = 500
   nstxout-compressed             = 0
   compressed-x-precision         = 1000
   cutoff-scheme                  = Verlet
   nstlist                        = 10
   ns-type                        = Grid
   pbc                            = xyz
   periodic-molecules             = false
   verlet-buffer-tolerance        = 0.005
   rlist                          = 1
   coulombtype                    = PME
   coulomb-modifier               = Potential-shift
   rcoulomb-switch                = 0
   rcoulomb                       = 1
   epsilon-r                      = 1
   epsilon-rf                     = inf
   vdw-type                       = Cut-off
   vdw-modifier                   = Potential-shift
   rvdw-switch                    = 0
   rvdw                           = 1
   DispCorr                       = EnerPres
   table-extension                = 1
   fourierspacing                 = 0.16
   fourier-nx                     = 44
   fourier-ny                     = 44
   fourier-nz                     = 44
   pme-order                      = 4
   ewald-rtol                     = 1e-05
   ewald-rtol-lj                  = 0.001
   lj-pme-comb-rule               = Geometric
   ewald-geometry                 = 0
   epsilon-surface                = 0
   implicit-solvent               = No
   gb-algorithm                   = Still
   nstgbradii                     = 1
   rgbradii                       = 1
   gb-epsilon-solvent             = 80
   gb-saltconc                    = 0
   gb-obc-alpha                   = 1
   gb-obc-beta                    = 0.8
   gb-obc-gamma                   = 4.85
   gb-dielectric-offset           = 0.009
   sa-algorithm                   = Ace-approximation
   sa-surface-tension             = 2.05016
   tcoupl                         = V-rescale
   nsttcouple                     = 10
   nh-chain-length                = 0
   print-nose-hoover-chain-variables = false
   pcoupl                         = No
   pcoupltype                     = Isotropic
   nstpcouple                     = -1
   tau-p                          = 1
   compressibility (3x3):
      compressibility[    0]={ 0.00000e+00,  0.00000e+00,  0.00000e+00}
      compressibility[    1]={ 0.00000e+00,  0.00000e+00,  0.00000e+00}
      compressibility[    2]={ 0.00000e+00,  0.00000e+00,  0.00000e+00}
   ref-p (3x3):
      ref-p[    0]={ 0.00000e+00,  0.00000e+00,  0.00000e+00}
      ref-p[    1]={ 0.00000e+00,  0.00000e+00,  0.00000e+00}
      ref-p[    2]={ 0.00000e+00,  0.00000e+00,  0.00000e+00}
   refcoord-scaling               = No
   posres-com (3):
      posres-com[0]= 0.00000e+00
      posres-com[1]= 0.00000e+00
      posres-com[2]= 0.00000e+00
   posres-comB (3):
      posres-comB[0]= 0.00000e+00
      posres-comB[1]= 0.00000e+00
      posres-comB[2]= 0.00000e+00
   QMMM                           = false
   QMconstraints                  = 0
   QMMMscheme                     = 0
   MMChargeScaleFactor            = 1
qm-opts:
   ngQM                           = 0
   constraint-algorithm           = Lincs
   continuation                   = false
   Shake-SOR                      = false
   shake-tol                      = 0.0001
   lincs-order                    = 4
   lincs-iter                     = 1
   lincs-warnangle                = 30
   nwall                          = 0
   wall-type                      = 9-3
   wall-r-linpot                  = -1
   wall-atomtype[0]               = -1
   wall-atomtype[1]               = -1
   wall-density[0]                = 0
   wall-density[1]                = 0
   wall-ewald-zfac                = 3
   pull                           = false
   awh                            = false
   rotation                       = false
   interactiveMD                  = false
   disre                          = No
   disre-weighting                = Conservative
   disre-mixed                    = false
   dr-fc                          = 1000
   dr-tau                         = 0
   nstdisreout                    = 100
   orire-fc                       = 0
   orire-tau                      = 0
   nstorireout                    = 100
   free-energy                    = no
   cos-acceleration               = 0
   deform (3x3):
      deform[    0]={ 0.00000e+00,  0.00000e+00,  0.00000e+00}
      deform[    1]={ 0.00000e+00,  0.00000e+00,  0.00000e+00}
      deform[    2]={ 0.00000e+00,  0.00000e+00,  0.00000e+00}
   simulated-tempering            = false
   swapcoords                     = no
   userint1                       = 0
   userint2                       = 0
   userint3                       = 0
   userint4                       = 0
   userreal1                      = 0
   userreal2                      = 0
   userreal3                      = 0
   userreal4                      = 0
   applied-forces:
     electric-field:
       x:
         E0                       = 0
         omega                    = 0
         t0                       = 0
         sigma                    = 0
       y:
         E0                       = 0
         omega                    = 0
         t0                       = 0
         sigma                    = 0
       z:
         E0                       = 0
         omega                    = 0
         t0                       = 0
         sigma                    = 0
grpopts:
   nrdf:     3114.85     59913.1
   ref-t:         300         300
   tau-t:         0.1         0.1
annealing:          No          No
annealing-npoints:           0           0
   acc:	           0           0           0
   nfreeze:           N           N           N
   energygrp-flags[  0]: 0

Changing nstlist from 10 to 50, rlist from 1 to 1.115


Using 1 MPI thread
Using 8 OpenMP threads 

Pinning threads with an auto-selected logical core stride of 1
System total charge: 2.000
Will do PME sum in reciprocal space for electrostatic interactions.

++++ PLEASE READ AND CITE THE FOLLOWING REFERENCE ++++
U. Essmann, L. Perera, M. L. Berkowitz, T. Darden, H. Lee and L. G. Pedersen 
A smooth particle mesh Ewald method
J. Chem. Phys. 103 (1995) pp. 8577-8592
-------- -------- --- Thank You --- -------- --------

Using a Gaussian width (1/beta) of 0.320163 nm for Ewald
Potential shift: LJ r^-12: -1.000e+00 r^-6: -1.000e+00, Ewald -1.000e-05
Initialized non-bonded Ewald correction tables, spacing: 9.33e-04 size: 1073

Long Range LJ corr.: <C6> 3.1204e-04
Generated table with 1057 data points for Ewald.
Tabscale = 500 points/nm
Generated table with 1057 data points for LJ6.
Tabscale = 500 points/nm
Generated table with 1057 data points for LJ12.
Tabscale = 500 points/nm
Generated table with 1057 data points for 1-4 COUL.
Tabscale = 500 points/nm
Generated table with 1057 data points for 1-4 LJ6.
Tabscale = 500 points/nm
Generated table with 1057 data points for 1-4 LJ12.
Tabscale = 500 points/nm

Using SIMD 4x4 nonbonded short-range kernels

Using a dual 4x4 pair-list setup updated with dynamic pruning:
  outer list: updated every 50 steps, buffer 0.115 nm, rlist 1.115 nm
  inner list: updated every 12 steps, buffer 0.002 nm, rlist 1.002 nm
At tolerance 0.005 kJ/mol/ps per atom, equivalent classical 1x1 list would be:
  outer list: updated every 50 steps, buffer 0.244 nm, rlist 1.244 nm
  inner list: updated every 12 steps, buffer 0.047 nm, rlist 1.047 nm

Using Lorentz-Berthelot Lennard-Jones combination rule

Removing pbc first time

Initializing LINear Constraint Solver

++++ PLEASE READ AND CITE THE FOLLOWING REFERENCE ++++
B. Hess and H. Bekker and H. J. C. Berendsen and J. G. E. M. Fraaije
LINCS: A Linear Constraint Solver for molecular simulations
J. Comp. Chem. 18 (1997) pp. 1463-1472
-------- -------- --- Thank You --- -------- --------

The number of constraints is 1577

++++ PLEASE READ AND CITE THE FOLLOWING REFERENCE ++++
S. Miyamoto and P. A. Kollman
SETTLE: An Analytical Version of the SHAKE and RATTLE Algorithms for Rigid
Water Models
J. Comp. Chem. 13 (1992) pp. 952-962
-------- -------- --- Thank You --- -------- --------


Intra-simulation communication will occur every 10 steps.
Center of mass motion removal mode is Linear
We have the following groups for center of mass motion removal:
  0:  rest

++++ PLEASE READ AND CITE THE FOLLOWING REFERENCE ++++
G. Bussi, D. Donadio and M. Parrinello
Canonical sampling through velocity rescaling
J. Chem. Phys. 126 (2007) pp. 014101
-------- -------- --- Thank You --- -------- --------

There are: 31522 Atoms

Constraining the starting coordinates (step 0)

Constraining the coordinates at t0-dt (step 0)
RMS relative constraint deviation after constraining: 3.54e-05
Initial temperature: 301.544 K

Started mdrun on rank 0 Fri May 15 16:15:08 2020
           Step           Time
              0        0.00000

   Energies (kJ/mol)
          Angle    Proper Dih.  Improper Dih.          LJ-14     Coulomb-14
    1.19306e+03    4.04497e+03    4.20535e+01    1.36864e+03    1.88065e+04
        LJ (SR)  Disper. corr.   Coulomb (SR)   Coul. recip. Position Rest.
    8.41866e+04   -4.03961e+03   -6.43232e+05    2.54462e+03    5.88658e-01
      Potential    Kinetic En.   Total Energy  Conserved En.    Temperature
   -5.35084e+05    7.90292e+04   -4.56055e+05   -4.56055e+05    3.01613e+02
 Pres. DC (bar) Pressure (bar)   Constr. rmsd
   -2.09148e+02   -6.24001e+03    4.44148e-05

           Step           Time
            500        1.00000

   Energies (kJ/mol)
          Angle    Proper Dih.  Improper Dih.          LJ-14     Coulomb-14
    3.08365e+03    4.39129e+03    1.70996e+02    1.61372e+03    1.88965e+04
        LJ (SR)  Disper. corr.   Coulomb (SR)   Coul. recip. Position Rest.
    8.61038e+04   -4.03961e+03   -5.83186e+05    2.87040e+03    5.83727e+02
      Potential    Kinetic En.   Total Energy  Conserved En.    Temperature
   -4.69512e+05    7.86063e+04   -3.90906e+05   -4.55325e+05    2.99999e+02
 Pres. DC (bar) Pressure (bar)   Constr. rmsd
   -2.09148e+02   -3.61380e+02    2.43189e-05

           Step           Time
           1000        2.00000

   Energies (kJ/mol)
          Angle    Proper Dih.  Improper Dih.          LJ-14     Coulomb-14
    3.18286e+03    4.33204e+03    1.89611e+02    1.59125e+03    1.88791e+04
        LJ (SR)  Disper. corr.   Coulomb (SR)   Coul. recip. Position Rest.
    8.55856e+04   -4.03961e+03   -5.82011e+05    2.89892e+03    5.37395e+02
      Potential    Kinetic En.   Total Energy  Conserved En.    Temperature
   -4.68854e+05    7.85352e+04   -3.90318e+05   -4.55308e+05    2.99728e+02
 Pres. DC (bar) Pressure (bar)   Constr. rmsd
   -2.09148e+02   -6.28898e+02    2.54754e-05

           Step           Time
           1500        3.00000

   Energies (kJ/mol)
          Angle    Proper Dih.  Improper Dih.          LJ-14     Coulomb-14
    3.01698e+03    4.33305e+03    2.01025e+02    1.64818e+03    1.89190e+04
        LJ (SR)  Disper. corr.   Coulomb (SR)   Coul. recip. Position Rest.
    8.65826e+04   -4.03961e+03   -5.84414e+05    2.78166e+03    4.99221e+02
      Potential    Kinetic En.   Total Energy  Conserved En.    Temperature
   -4.70472e+05    7.83146e+04   -3.92157e+05   -4.55314e+05    2.98886e+02
 Pres. DC (bar) Pressure (bar)   Constr. rmsd
   -2.09148e+02   -3.09855e+02    2.49892e-05

           Step           Time
           2000        4.00000

   Energies (kJ/mol)
          Angle    Proper Dih.  Improper Dih.          LJ-14     Coulomb-14
    3.24344e+03    4.32330e+03    1.75970e+02    1.59679e+03    1.86904e+04
        LJ (SR)  Disper. corr.   Coulomb (SR)   Coul. recip. Position Rest.
    8.59638e+04   -4.03961e+03   -5.84237e+05    2.86083e+03    4.47812e+02
      Potential    Kinetic En.   Total Energy  Conserved En.    Temperature
   -4.70975e+05    7.83092e+04   -3.92665e+05   -4.55334e+05    2.98865e+02
 Pres. DC (bar) Pressure (bar)   Constr. rmsd
   -2.09148e+02   -5.09708e+02    2.65665e-05

           Step           Time
           2500        5.00000

   Energies (kJ/mol)
          Angle    Proper Dih.  Improper Dih.          LJ-14     Coulomb-14
    3.23850e+03    4.38428e+03    1.50657e+02    1.64878e+03    1.88434e+04
        LJ (SR)  Disper. corr.   Coulomb (SR)   Coul. recip. Position Rest.
    8.61077e+04   -4.03961e+03   -5.85826e+05    2.74612e+03    5.16990e+02
      Potential    Kinetic En.   Total Energy  Conserved En.    Temperature
   -4.72229e+05    7.90457e+04   -3.93184e+05   -4.55350e+05    3.01676e+02
 Pres. DC (bar) Pressure (bar)   Constr. rmsd
   -2.09148e+02   -4.69714e+02    2.52676e-05

           Step           Time
           3000        6.00000

   Energies (kJ/mol)
          Angle    Proper Dih.  Improper Dih.          LJ-14     Coulomb-14
    3.20245e+03    4.32151e+03    2.04895e+02    1.64489e+03    1.87726e+04
        LJ (SR)  Disper. corr.   Coulomb (SR)   Coul. recip. Position Rest.
    8.68409e+04   -4.03961e+03   -5.85911e+05    2.88020e+03    4.61391e+02
      Potential    Kinetic En.   Total Energy  Conserved En.    Temperature
   -4.71622e+05    7.86502e+04   -3.92972e+05   -4.55360e+05    3.00167e+02
 Pres. DC (bar) Pressure (bar)   Constr. rmsd
   -2.09148e+02   -5.58137e+02    2.70057e-05

           Step           Time
           3500        7.00000

   Energies (kJ/mol)
          Angle    Proper Dih.  Improper Dih.          LJ-14     Coulomb-14
    3.23850e+03    4.38393e+03    1.75467e+02    1.60508e+03    1.87438e+04
        LJ (SR)  Disper. corr.   Coulomb (SR)   Coul. recip. Position Rest.
    8.67401e+04   -4.03961e+03   -5.86211e+05    2.74135e+03    4.74173e+02
      Potential    Kinetic En.   Total Energy  Conserved En.    Temperature
   -4.72148e+05    7.93027e+04   -3.92846e+05   -4.55366e+05    3.02657e+02
 Pres. DC (bar) Pressure (bar)   Constr. rmsd
   -2.09148e+02   -5.72792e+02    2.82706e-05

           Step           Time
           4000        8.00000

   Energies (kJ/mol)
          Angle    Proper Dih.  Improper Dih.          LJ-14     Coulomb-14
    3.08619e+03    4.26268e+03    1.71979e+02    1.63391e+03    1.87422e+04
        LJ (SR)  Disper. corr.   Coulomb (SR)   Coul. recip. Position Rest.
    8.67623e+04   -4.03961e+03   -5.86973e+05    2.80871e+03    4.73709e+02
      Potential    Kinetic En.   Total Energy  Conserved En.    Temperature
   -4.73071e+05    7.79893e+04   -3.95081e+05   -4.55387e+05    2.97644e+02
 Pres. DC (bar) Pressure (bar)   Constr. rmsd
   -2.09148e+02   -6.51617e+02    2.52299e-05

           Step           Time
           4500        9.00000

   Energies (kJ/mol)
          Angle    Proper Dih.  Improper Dih.          LJ-14     Coulomb-14
    3.17802e+03    4.30270e+03    1.67322e+02    1.61638e+03    1.87721e+04
        LJ (SR)  Disper. corr.   Coulomb (SR)   Coul. recip. Position Rest.
    8.71281e+04   -4.03961e+03   -5.87960e+05    2.77151e+03    4.40277e+02
      Potential    Kinetic En.   Total Energy  Conserved En.    Temperature
   -4.73623e+05    7.85238e+04   -3.95100e+05   -4.55402e+05    2.99684e+02
 Pres. DC (bar) Pressure (bar)   Constr. rmsd
   -2.09148e+02   -5.31662e+02    2.44341e-05

           Step           Time
           5000       10.00000

Writing checkpoint, step 5000 at Fri May 15 16:16:04 2020


   Energies (kJ/mol)
          Angle    Proper Dih.  Improper Dih.          LJ-14     Coulomb-14
    3.03014e+03    4.27938e+03    1.62936e+02    1.63815e+03    1.88741e+04
        LJ (SR)  Disper. corr.   Coulomb (SR)   Coul. recip. Position Rest.
    8.67628e+04   -4.03961e+03   -5.87576e+05    2.78404e+03    4.71090e+02
      Potential    Kinetic En.   Total Energy  Conserved En.    Temperature
   -4.73613e+05    7.84239e+04   -3.95189e+05   -4.55415e+05    2.99303e+02
 Pres. DC (bar) Pressure (bar)   Constr. rmsd
   -2.09148e+02   -6.84770e+02    2.56238e-05

	<======  ###############  ==>
	<====  A V E R A G E S  ====>
	<==  ###############  ======>

	Statistics over 5001 steps using 51 frames

   Energies (kJ/mol)
          Angle    Proper Dih.  Improper Dih.          LJ-14     Coulomb-14
    3.09922e+03    4.33073e+03    1.74899e+02    1.62397e+03    1.88484e+04
        LJ (SR)  Disper. corr.   Coulomb (SR)   Coul. recip. Position Rest.
    8.64591e+04   -4.03961e+03   -5.86758e+05    2.78960e+03    4.70448e+02
      Potential    Kinetic En.   Total Energy  Conserved En.    Temperature
   -4.73002e+05    7.82498e+04   -3.94752e+05   -4.55368e+05    2.98638e+02
 Pres. DC (bar) Pressure (bar)   Constr. rmsd
   -2.09148e+02   -6.71759e+02    0.00000e+00

   Total Virial (kJ/mol)
    3.22673e+04   -1.53053e+02   -8.94192e+01
   -1.55061e+02    3.30098e+04   -1.38301e+02
   -9.06543e+01   -1.37732e+02    3.24585e+04

   Pressure (bar)
   -6.41871e+02    2.00273e+01    1.69589e+01
    2.02350e+01   -7.15371e+02    1.22495e+01
    1.70866e+01    1.21906e+01   -6.58035e+02

      T-Protein  T-non-Protein
    2.97967e+02    2.98673e+02


	M E G A - F L O P S   A C C O U N T I N G

 NB=Group-cutoff nonbonded kernels    NxN=N-by-N cluster Verlet kernels
 RF=Reaction-Field  VdW=Van der Waals  QSTab=quadratic-spline table
 W3=SPC/TIP3p  W4=TIP4p (single or pairs)
 V&F=Potential and force  V=Potential only  F=Force only

 Computing:                               M-Number         M-Flops  % Flops
-----------------------------------------------------------------------------
 Pair Search distance check            1074.839706        9673.557     0.3
 NxN QSTab Elec. + LJ [F]             41161.569264     1687624.340    52.5
 NxN QSTab Elec. + LJ [V&F]             424.088640       25021.230     0.8
 NxN QSTab Elec. [F]                  36475.270336     1240159.191    38.5
 NxN QSTab Elec. [V&F]                  375.871008       15410.711     0.5
 1,4 nonbonded interactions              20.784156        1870.574     0.1
 Calc Weights                           472.924566       17025.284     0.5
 Spread Q Bspline                     10089.057408       20178.115     0.6
 Gather F Bspline                     10089.057408       60534.344     1.9
 3D-FFT                               13954.470336      111635.763     3.5
 Solve PME                                9.681936         619.644     0.0
 Shift-X                                  3.183722          19.102     0.0
 Angles                                  14.432886        2424.725     0.1
 Propers                                 22.799559        5221.099     0.2
 Impropers                                1.375275         286.057     0.0
 Pos. Restr.                              3.790758         189.538     0.0
 Virial                                   1.609917          28.979     0.0
 Stop-CM                                  1.639144          16.391     0.0
 Calc-Ekin                               31.585044         852.796     0.0
 Lincs                                    7.889731         473.384     0.0
 Lincs-Mat                              173.263896         693.056     0.0
 Constraint-V                           165.626224        1325.010     0.0
 Constraint-Vir                           1.608285          38.599     0.0
 Settle                                  49.959958       16137.066     0.5
-----------------------------------------------------------------------------
 Total                                                 3217458.556   100.0
-----------------------------------------------------------------------------


     R E A L   C Y C L E   A N D   T I M E   A C C O U N T I N G

On 1 MPI rank, each using 8 OpenMP threads

 Computing:          Num   Num      Call    Wall time         Giga-Cycles
                     Ranks Threads  Count      (s)         total sum    %
-----------------------------------------------------------------------------
 Neighbor search        1    8        101       1.093         29.659   2.0
 Force                  1    8       5001      44.312       1202.751  79.5
 PME mesh               1    8       5001       7.597        206.213  13.6
 NB X/F buffer ops.     1    8       9901       0.890         24.163   1.6
 Write traj.            1    8         11       0.204          5.546   0.4
 Update                 1    8       5001       0.765         20.762   1.4
 Constraints            1    8       5001       0.736         19.964   1.3
 Rest                                           0.147          4.000   0.3
-----------------------------------------------------------------------------
 Total                                         55.744       1513.059 100.0
-----------------------------------------------------------------------------
 Breakdown of PME mesh computation
-----------------------------------------------------------------------------
 PME spread             1    8       5001       3.062         83.109   5.5
 PME gather             1    8       5001       2.801         76.029   5.0
 PME 3D-FFT             1    8      10002       1.478         40.117   2.7
 PME solve Elec         1    8       5001       0.228          6.192   0.4
-----------------------------------------------------------------------------

               Core t (s)   Wall t (s)        (%)
       Time:      445.955       55.744      800.0
                 (ns/day)    (hour/ns)
Performance:       15.502        1.548
Finished mdrun on rank 0 Fri May 15 16:16:04 2020
